  BasicWindow.cpp
  CCMainWindow.cpp
  CommonUtils.cpp
  ContactItem.cpp
  CustomMenu.cpp
  EmotionLabelItem.cpp
e:\qt\qtqq\qtqq\contactitem.h(4): fatal error C1083: 无法打开包括文件: “ui_ContactItem.h”: No such file or directory (编译源文件 ContactItem.cpp)
e:\qt\qtqq\qtqq\ccmainwindow.h(4): fatal error C1083: 无法打开包括文件: “ui_CCMainWindow.h”: No such file or directory (编译源文件 CCMainWindow.cpp)
  EmotionWindow.cpp
  main.cpp
  MsgWebView.cpp
  NotifyManager.cpp
  QClickLabel.cpp
  QMsgTextEdit.cpp
e:\qt\qtqq\qtqq\emotionwindow.h(4): fatal error C1083: 无法打开包括文件: “ui_EmotionWindow.h”: No such file or directory (编译源文件 EmotionWindow.cpp)
e:\qt\qtqq\qtqq\userlogin.h(4): fatal error C1083: 无法打开包括文件: “ui_UserLogin.h”: No such file or directory (编译源文件 main.cpp)
  RootContatItem.cpp
  SkinWindow.cpp
  SysTray.cpp
  TalkWindow.cpp
e:\qt\qtqq\qtqq\skinwindow.h(4): fatal error C1083: 无法打开包括文件: “ui_SkinWindow.h”: No such file or directory (编译源文件 SkinWindow.cpp)
  TalkWindowItem.cpp
  TalkWindowShell.cpp
  TitleBar.cpp
  UserLogin.cpp
e:\qt\qtqq\qtqq\talkwindowshell.h(4): fatal error C1083: 无法打开包括文件: “ui_TalkWindowShell.h”: No such file or directory (编译源文件 TalkWindow.cpp)
  WindowManager.cpp
  moc_CCMainWindow.cpp
e:\qt\qtqq\qtqq\talkwindowitem.h(4): fatal error C1083: 无法打开包括文件: “ui_TalkWindowItem.h”: No such file or directory (编译源文件 TalkWindowItem.cpp)
  moc_BasicWindow.cpp
e:\qt\qtqq\qtqq\talkwindowshell.h(4): fatal error C1083: 无法打开包括文件: “ui_TalkWindowShell.h”: No such file or directory (编译源文件 TalkWindowShell.cpp)
  moc_MsgWebView.cpp
e:\qt\qtqq\qtqq\userlogin.h(4): fatal error C1083: 无法打开包括文件: “ui_UserLogin.h”: No such file or directory (编译源文件 UserLogin.cpp)
  moc_QMsgTextEdit.cpp
  moc_WindowManager.cpp
e:\qt\qtqq\qtqq\talkwindowshell.h(4): fatal error C1083: 无法打开包括文件: “ui_TalkWindowShell.h”: No such file or directory (编译源文件 WindowManager.cpp)
  moc_TalkWindow.cpp
e:\qt\qtqq\qtqq\ccmainwindow.h(4): fatal error C1083: 无法打开包括文件: “ui_CCMainWindow.h”: No such file or directory (编译源文件 .\GeneratedFiles\Debug\moc_CCMainWindow.cpp)
  moc_TalkWindowItem.cpp
  moc_EmotionLabelItem.cpp
  moc_EmotionWindow.cpp
e:\qt\qtqq\qtqq\talkwindowshell.h(4): fatal error C1083: 无法打开包括文件: “ui_TalkWindowShell.h”: No such file or directory (编译源文件 .\GeneratedFiles\Debug\moc_WindowManager.cpp)
  moc_TalkWindowShell.cpp
e:\qt\qtqq\qtqq\talkwindowshell.h(4): fatal error C1083: 无法打开包括文件: “ui_TalkWindowShell.h”: No such file or directory (编译源文件 .\GeneratedFiles\Debug\moc_TalkWindow.cpp)
  moc_ContactItem.cpp
e:\qt\qtqq\qtqq\talkwindowitem.h(4): fatal error C1083: 无法打开包括文件: “ui_TalkWindowItem.h”: No such file or directory (编译源文件 .\GeneratedFiles\Debug\moc_TalkWindowItem.cpp)
  moc_RootContatItem.cpp
  moc_CustomMenu.cpp
  moc_SysTray.cpp
e:\qt\qtqq\qtqq\emotionwindow.h(4): fatal error C1083: 无法打开包括文件: “ui_EmotionWindow.h”: No such file or directory (编译源文件 .\GeneratedFiles\Debug\moc_EmotionWindow.cpp)
  moc_QClickLabel.cpp
e:\qt\qtqq\qtqq\talkwindowshell.h(4): fatal error C1083: 无法打开包括文件: “ui_TalkWindowShell.h”: No such file or directory (编译源文件 .\GeneratedFiles\Debug\moc_TalkWindowShell.cpp)
  moc_SkinWindow.cpp
e:\qt\qtqq\qtqq\contactitem.h(4): fatal error C1083: 无法打开包括文件: “ui_ContactItem.h”: No such file or directory (编译源文件 .\GeneratedFiles\Debug\moc_ContactItem.cpp)
  moc_UserLogin.cpp
  moc_TitleBar.cpp
  moc_NotifyManager.cpp
  qrc_CCMainWindow.cpp
e:\qt\qtqq\qtqq\skinwindow.h(4): fatal error C1083: 无法打开包括文件: “ui_SkinWindow.h”: No such file or directory (编译源文件 .\GeneratedFiles\Debug\moc_SkinWindow.cpp)
e:\qt\qtqq\qtqq\userlogin.h(4): fatal error C1083: 无法打开包括文件: “ui_UserLogin.h”: No such file or directory (编译源文件 .\GeneratedFiles\Debug\moc_UserLogin.cpp)
